2025-02-19 22:46:18 [main] INFO  k.c.s.ShortenurlserviceApplication - Starting ShortenurlserviceApplication using Java 17.0.6 with PID 23804 (C:\study_\springBoot\shorten-url-for-logging\target\classes started by user in C:\study_\springBoot\shorten-url-for-logging)
2025-02-19 22:46:18 [main] DEBUG k.c.s.ShortenurlserviceApplication - Running with Spring Boot v3.0.1, Spring v6.0.3
2025-02-19 22:46:18 [main] INFO  k.c.s.ShortenurlserviceApplication - No active profile set, falling back to 1 default profile: "default"
2025-02-19 22:46:18 [main] INFO  o.s.b.w.e.tomcat.TomcatWebServer - Tomcat initialized with port(s): 8080 (http)
2025-02-19 22:46:18 [main] INFO  o.a.coyote.http11.Http11NioProtocol - Initializing ProtocolHandler ["http-nio-8080"]
2025-02-19 22:46:18 [main] INFO  o.a.catalina.core.StandardService - Starting service [Tomcat]
2025-02-19 22:46:18 [main] INFO  o.a.catalina.core.StandardEngine - Starting Servlet engine: [Apache Tomcat/10.1.4]
2025-02-19 22:46:18 [main] INFO  o.a.c.c.C.[Tomcat].[localhost].[/] - Initializing Spring embedded WebApplicationContext
2025-02-19 22:46:18 [main] INFO  o.s.b.w.s.c.ServletWebServerApplicationContext - Root WebApplicationContext: initialization completed in 687 ms
2025-02-19 22:46:18 [main] DEBUG k.c.s.presentation.LogginFilter - Filter 'logginFilter' configured for use
2025-02-19 22:46:19 [main] INFO  o.a.coyote.http11.Http11NioProtocol - Starting ProtocolHandler ["http-nio-8080"]
2025-02-19 22:46:19 [main] WARN  o.s.b.w.s.c.AnnotationConfigServletWebServerApplicationContext - Exception encountered during context initialization - cancelling refresh attempt: org.springframework.context.ApplicationContextException: Failed to start bean 'webServerStartStop'
2025-02-19 22:46:19 [main] INFO  o.a.coyote.http11.Http11NioProtocol - Pausing ProtocolHandler ["http-nio-8080"]
2025-02-19 22:46:19 [main] INFO  o.a.catalina.core.StandardService - Stopping service [Tomcat]
2025-02-19 22:46:19 [main] INFO  o.a.coyote.http11.Http11NioProtocol - Stopping ProtocolHandler ["http-nio-8080"]
2025-02-19 22:46:19 [main] INFO  o.a.coyote.http11.Http11NioProtocol - Destroying ProtocolHandler ["http-nio-8080"]
2025-02-19 22:46:19 [main] INFO  o.s.b.a.l.ConditionEvaluationReportLogger - 

Error starting ApplicationContext. To display the condition evaluation report re-run your application with 'debug' enabled.
2025-02-19 22:46:19 [main] ERROR o.s.b.d.LoggingFailureAnalysisReporter - 

***************************
APPLICATION FAILED TO START
***************************

Description:

Web server failed to start. Port 8080 was already in use.

Action:

Identify and stop the process that's listening on port 8080 or configure this application to listen on another port.

2025-02-19 22:47:30 [main] INFO  k.c.s.ShortenurlserviceApplication - Starting ShortenurlserviceApplication using Java 17.0.6 with PID 6000 (C:\study_\springBoot\shorten-url-for-logging\target\classes started by user in C:\study_\springBoot\shorten-url-for-logging)
2025-02-19 22:47:30 [main] DEBUG k.c.s.ShortenurlserviceApplication - Running with Spring Boot v3.0.1, Spring v6.0.3
2025-02-19 22:47:30 [main] INFO  k.c.s.ShortenurlserviceApplication - No active profile set, falling back to 1 default profile: "default"
2025-02-19 22:47:30 [main] INFO  o.s.b.w.e.tomcat.TomcatWebServer - Tomcat initialized with port(s): 8081 (http)
2025-02-19 22:47:30 [main] INFO  o.a.coyote.http11.Http11NioProtocol - Initializing ProtocolHandler ["http-nio-8081"]
2025-02-19 22:47:30 [main] INFO  o.a.catalina.core.StandardService - Starting service [Tomcat]
2025-02-19 22:47:30 [main] INFO  o.a.catalina.core.StandardEngine - Starting Servlet engine: [Apache Tomcat/10.1.4]
2025-02-19 22:47:30 [main] INFO  o.a.c.c.C.[Tomcat].[localhost].[/] - Initializing Spring embedded WebApplicationContext
2025-02-19 22:47:30 [main] INFO  o.s.b.w.s.c.ServletWebServerApplicationContext - Root WebApplicationContext: initialization completed in 514 ms
2025-02-19 22:47:30 [main] DEBUG k.c.s.presentation.LogginFilter - Filter 'logginFilter' configured for use
2025-02-19 22:47:30 [main] INFO  o.a.coyote.http11.Http11NioProtocol - Starting ProtocolHandler ["http-nio-8081"]
2025-02-19 22:47:30 [main] INFO  o.s.b.w.e.tomcat.TomcatWebServer - Tomcat started on port(s): 8081 (http) with context path ''
2025-02-19 22:47:30 [main] INFO  k.c.s.ShortenurlserviceApplication - Started ShortenurlserviceApplication in 0.964 seconds (process running for 1.402)
